0 verbose cli C:\Program Files\nodejs\node.exe C:\Users\standard\AppData\Roaming\npm\node_modules\npm\bin\npm-cli.js
1 info using npm@10.2.0
2 info using node@v18.18.0
3 timing npm:load:whichnode Completed in 3ms
4 timing config:load:defaults Completed in 2ms
5 timing config:load:file:C:\Users\standard\AppData\Roaming\npm\node_modules\npm\npmrc Completed in 3ms
6 timing config:load:builtin Completed in 3ms
7 timing config:load:cli Completed in 2ms
8 timing config:load:env Completed in 0ms
9 timing config:load:file:C:\Users\standard\.jaime\templates\ng-material-schematic\.npmrc Completed in 0ms
10 timing config:load:project Completed in 2ms
11 timing config:load:file:C:\Users\standard\.npmrc Completed in 0ms
12 timing config:load:user Completed in 0ms
13 timing config:load:file:C:\Users\standard\AppData\Roaming\npm\etc\npmrc Completed in 0ms
14 timing config:load:global Completed in 0ms
15 timing config:load:setEnvs Completed in 1ms
16 timing config:load Completed in 11ms
17 timing npm:load:configload Completed in 11ms
18 timing config:load:flatten Completed in 2ms
19 timing npm:load:mkdirpcache Completed in 0ms
20 timing npm:load:mkdirplogs Completed in 0ms
21 verbose title npm update
22 verbose argv "update" "--save"
23 timing npm:load:setTitle Completed in 1ms
24 timing npm:load:display Completed in 1ms
25 verbose logfile logs-max:10 dir:C:\Users\standard\.jaime\templates\ng-material-schematic\node_cache\_logs\2023-10-10T13_42_09_383Z-
26 verbose logfile C:\Users\standard\.jaime\templates\ng-material-schematic\node_cache\_logs\2023-10-10T13_42_09_383Z-debug-0.log
27 timing npm:load:logFile Completed in 9ms
28 timing npm:load:timers Completed in 0ms
29 timing npm:load:configScope Completed in 0ms
30 timing npm:load Completed in 51ms
31 timing arborist:ctor Completed in 0ms
32 silly logfile done cleaning log files
33 timing idealTree:init Completed in 6ms
34 timing idealTree:userRequests Completed in 0ms
35 silly idealTree buildDeps
36 silly fetch manifest @angular-devkit/core@^16.2.1
37 http fetch GET 200 https://registry.npmjs.org/@angular-devkit%2fcore 190ms (cache miss)
38 silly fetch manifest chokidar@^3.5.2
39 http fetch GET 200 https://registry.npmjs.org/chokidar 59ms (cache miss)
40 silly fetch manifest @angular-devkit/schematics@^16.2.1
41 http fetch GET 200 https://registry.npmjs.org/@angular-devkit%2fschematics 69ms (cache miss)
42 silly fetch manifest @schematics/angular@^16.2.1
43 http fetch GET 200 https://registry.npmjs.org/@schematics%2fangular 86ms (cache miss)
44 silly fetch manifest typescript@^5.2.2
45 http fetch GET 200 https://registry.npmjs.org/typescript 163ms (cache miss)
46 silly fetch manifest @types/node@^20.5.9
47 http fetch GET 200 https://registry.npmjs.org/@types%2fnode 75ms (cache miss)
48 silly fetch manifest jsonc-parser@^3.2.0
49 http fetch GET 200 https://registry.npmjs.org/jsonc-parser 38ms (cache miss)
50 silly placeDep ROOT @angular-devkit/core@16.2.5 OK for: ng-material-schematic@1.0.0 want: ^16.2.1
51 silly fetch manifest ajv-formats@2.1.1
52 silly fetch manifest ajv@8.12.0
53 silly fetch manifest jsonc-parser@3.2.0
54 silly fetch manifest picomatch@2.3.1
55 silly fetch manifest rxjs@7.8.1
56 silly fetch manifest source-map@0.7.4
57 silly placeDep ROOT @angular-devkit/schematics@16.2.5 OK for: ng-material-schematic@1.0.0 want: ^16.2.1
58 silly fetch manifest magic-string@0.30.1
59 silly fetch manifest ora@5.4.1
60 silly placeDep ROOT @schematics/angular@16.2.5 OK for: ng-material-schematic@1.0.0 want: ^16.2.1
61 silly placeDep ROOT @types/node@20.8.4 OK for: ng-material-schematic@1.0.0 want: ^20.5.9
62 silly fetch manifest undici-types@~5.25.1
63 silly placeDep ROOT jsonc-parser@3.2.0 OK for: ng-material-schematic@1.0.0 want: ^3.2.0
64 silly placeDep ROOT typescript@5.2.2 OK for: ng-material-schematic@1.0.0 want: ^5.2.2
65 http fetch GET 200 https://registry.npmjs.org/ajv-formats 59ms (cache miss)
66 http fetch GET 200 https://registry.npmjs.org/picomatch 100ms (cache miss)
67 http fetch GET 200 https://registry.npmjs.org/source-map 101ms (cache miss)
68 http fetch GET 200 https://registry.npmjs.org/magic-string 104ms (cache miss)
69 http fetch GET 200 https://registry.npmjs.org/rxjs 112ms (cache miss)
70 http fetch GET 200 https://registry.npmjs.org/ora 114ms (cache miss)
71 http fetch GET 200 https://registry.npmjs.org/ajv 121ms (cache miss)
72 http fetch GET 200 https://registry.npmjs.org/undici-types 120ms (cache miss)
73 timing idealTree:#root Completed in 878ms
74 silly placeDep ROOT ajv@8.12.0 OK for: @angular-devkit/core@16.2.5 want: 8.12.0
75 silly fetch manifest fast-deep-equal@^3.1.1
76 silly fetch manifest json-schema-traverse@^1.0.0
77 silly fetch manifest require-from-string@^2.0.2
78 silly fetch manifest uri-js@^4.2.2
79 silly placeDep ROOT ajv-formats@2.1.1 OK for: @angular-devkit/core@16.2.5 want: 2.1.1
80 silly placeDep ROOT picomatch@2.3.1 OK for: @angular-devkit/core@16.2.5 want: 2.3.1
81 silly placeDep ROOT rxjs@7.8.1 OK for: @angular-devkit/core@16.2.5 want: 7.8.1
82 silly fetch manifest tslib@^2.1.0
83 silly placeDep ROOT source-map@0.7.4 OK for: @angular-devkit/core@16.2.5 want: 0.7.4
84 http fetch GET 200 https://registry.npmjs.org/fast-deep-equal 41ms (cache miss)
85 http fetch GET 200 https://registry.npmjs.org/json-schema-traverse 41ms (cache miss)
86 http fetch GET 200 https://registry.npmjs.org/uri-js 45ms (cache miss)
87 http fetch GET 200 https://registry.npmjs.org/tslib 45ms (cache miss)
88 http fetch GET 200 https://registry.npmjs.org/require-from-string 52ms (cache miss)
89 timing idealTree:node_modules/@angular-devkit/core Completed in 56ms
90 silly placeDep ROOT magic-string@0.30.1 OK for: @angular-devkit/schematics@16.2.5 want: 0.30.1
91 silly fetch manifest @jridgewell/sourcemap-codec@^1.4.15
92 silly placeDep ROOT ora@5.4.1 OK for: @angular-devkit/schematics@16.2.5 want: 5.4.1
93 silly fetch manifest bl@^4.1.0
94 silly fetch manifest chalk@^4.1.0
95 silly fetch manifest cli-cursor@^3.1.0
96 silly fetch manifest cli-spinners@^2.5.0
97 silly fetch manifest is-interactive@^1.0.0
98 silly fetch manifest is-unicode-supported@^0.1.0
99 silly fetch manifest log-symbols@^4.1.0
100 silly fetch manifest strip-ansi@^6.0.0
101 silly fetch manifest wcwidth@^1.0.1
102 http fetch GET 200 https://registry.npmjs.org/bl 53ms (cache miss)
103 http fetch GET 200 https://registry.npmjs.org/cli-spinners 51ms (cache miss)
104 http fetch GET 200 https://registry.npmjs.org/log-symbols 53ms (cache miss)
105 http fetch GET 200 https://registry.npmjs.org/cli-cursor 57ms (cache miss)
106 http fetch GET 200 https://registry.npmjs.org/is-unicode-supported 56ms (cache miss)
107 http fetch GET 200 https://registry.npmjs.org/is-interactive 57ms (cache miss)
108 http fetch GET 200 https://registry.npmjs.org/chalk 63ms (cache miss)
109 http fetch GET 200 https://registry.npmjs.org/@jridgewell%2fsourcemap-codec 80ms (cache miss)
110 http fetch GET 200 https://registry.npmjs.org/wcwidth 86ms (cache miss)
111 http fetch GET 200 https://registry.npmjs.org/strip-ansi 96ms (cache miss)
112 timing idealTree:node_modules/@angular-devkit/schematics Completed in 106ms
113 timing idealTree:node_modules/@schematics/angular Completed in 0ms
114 silly placeDep ROOT undici-types@5.25.3 OK for: @types/node@20.8.4 want: ~5.25.1
115 timing idealTree:node_modules/@types/node Completed in 1ms
116 silly placeDep ROOT fast-deep-equal@3.1.3 OK for: ajv@8.12.0 want: ^3.1.1
117 silly placeDep ROOT json-schema-traverse@1.0.0 OK for: ajv@8.12.0 want: ^1.0.0
118 silly placeDep ROOT require-from-string@2.0.2 OK for: ajv@8.12.0 want: ^2.0.2
119 silly placeDep ROOT uri-js@4.4.1 OK for: ajv@8.12.0 want: ^4.2.2
120 silly fetch manifest punycode@^2.1.0
121 http fetch GET 200 https://registry.npmjs.org/punycode 47ms (cache miss)
122 timing idealTree:node_modules/ajv Completed in 54ms
123 timing idealTree:node_modules/ajv-formats Completed in 0ms
124 timing idealTree:node_modules/fast-deep-equal Completed in 0ms
125 timing idealTree:node_modules/json-schema-traverse Completed in 0ms
126 timing idealTree:node_modules/jsonc-parser Completed in 0ms
127 silly placeDep ROOT @jridgewell/sourcemap-codec@1.4.15 OK for: magic-string@0.30.1 want: ^1.4.15
128 timing idealTree:node_modules/magic-string Completed in 3ms
129 timing idealTree:node_modules/@jridgewell/sourcemap-codec Completed in 0ms
130 silly placeDep ROOT bl@4.1.0 OK for: ora@5.4.1 want: ^4.1.0
131 silly fetch manifest buffer@^5.5.0
132 silly fetch manifest inherits@^2.0.4
133 silly fetch manifest readable-stream@^3.4.0
134 silly placeDep ROOT chalk@4.1.2 OK for: ora@5.4.1 want: ^4.1.0
135 silly fetch manifest ansi-styles@^4.1.0
136 silly fetch manifest supports-color@^7.1.0
137 silly placeDep ROOT cli-cursor@3.1.0 OK for: ora@5.4.1 want: ^3.1.0
138 silly fetch manifest restore-cursor@^3.1.0
139 silly placeDep ROOT cli-spinners@2.9.1 OK for: ora@5.4.1 want: ^2.5.0
140 silly placeDep ROOT is-interactive@1.0.0 OK for: ora@5.4.1 want: ^1.0.0
141 silly placeDep ROOT is-unicode-supported@0.1.0 OK for: ora@5.4.1 want: ^0.1.0
142 silly placeDep ROOT log-symbols@4.1.0 OK for: ora@5.4.1 want: ^4.1.0
143 silly placeDep ROOT strip-ansi@6.0.1 OK for: ora@5.4.1 want: ^6.0.0
144 silly fetch manifest ansi-regex@^5.0.1
145 silly placeDep ROOT wcwidth@1.0.1 OK for: ora@5.4.1 want: ^1.0.1
146 silly fetch manifest defaults@^1.0.3
147 http fetch GET 200 https://registry.npmjs.org/restore-cursor 53ms (cache miss)
148 http fetch GET 200 https://registry.npmjs.org/inherits 57ms (cache miss)
149 http fetch GET 200 https://registry.npmjs.org/ansi-regex 49ms (cache miss)
150 http fetch GET 200 https://registry.npmjs.org/supports-color 59ms (cache miss)
151 http fetch GET 200 https://registry.npmjs.org/ansi-styles 61ms (cache miss)
152 http fetch GET 200 https://registry.npmjs.org/defaults 51ms (cache miss)
153 http fetch GET 200 https://registry.npmjs.org/readable-stream 64ms (cache miss)
154 http fetch GET 200 https://registry.npmjs.org/buffer 72ms (cache miss)
155 timing idealTree:node_modules/ora Completed in 83ms
156 silly placeDep ROOT buffer@5.7.1 OK for: bl@4.1.0 want: ^5.5.0
157 silly fetch manifest base64-js@^1.3.1
158 silly fetch manifest ieee754@^1.1.13
159 silly placeDep ROOT inherits@2.0.4 OK for: bl@4.1.0 want: ^2.0.4
160 silly placeDep ROOT readable-stream@3.6.2 OK for: bl@4.1.0 want: ^3.4.0
161 silly fetch manifest string_decoder@^1.1.1
162 silly fetch manifest util-deprecate@^1.0.1
163 http fetch GET 200 https://registry.npmjs.org/ieee754 65ms (cache miss)
164 http fetch GET 200 https://registry.npmjs.org/string_decoder 64ms (cache miss)
165 http fetch GET 200 https://registry.npmjs.org/util-deprecate 65ms (cache miss)
166 http fetch GET 200 https://registry.npmjs.org/base64-js 72ms (cache miss)
167 timing idealTree:node_modules/bl Completed in 76ms
168 silly placeDep ROOT base64-js@1.5.1 OK for: buffer@5.7.1 want: ^1.3.1
169 silly placeDep ROOT ieee754@1.2.1 OK for: buffer@5.7.1 want: ^1.1.13
170 timing idealTree:node_modules/buffer Completed in 3ms
171 timing idealTree:node_modules/base64-js Completed in 0ms
172 silly placeDep ROOT ansi-styles@4.3.0 OK for: chalk@4.1.2 want: ^4.1.0
173 silly fetch manifest color-convert@^2.0.1
174 silly placeDep ROOT supports-color@7.2.0 OK for: chalk@4.1.2 want: ^7.1.0
175 silly fetch manifest has-flag@^4.0.0
176 http fetch GET 200 https://registry.npmjs.org/color-convert 38ms (cache miss)
177 http fetch GET 200 https://registry.npmjs.org/has-flag 39ms (cache miss)
178 timing idealTree:node_modules/chalk Completed in 43ms
179 silly placeDep ROOT color-convert@2.0.1 OK for: ansi-styles@4.3.0 want: ^2.0.1
180 silly fetch manifest color-name@~1.1.4
181 http fetch GET 200 https://registry.npmjs.org/color-name 34ms (cache miss)
182 timing idealTree:node_modules/ansi-styles Completed in 36ms
183 silly placeDep ROOT restore-cursor@3.1.0 OK for: cli-cursor@3.1.0 want: ^3.1.0
184 silly fetch manifest onetime@^5.1.0
185 silly fetch manifest signal-exit@^3.0.2
186 http fetch GET 200 https://registry.npmjs.org/onetime 41ms (cache miss)
187 http fetch GET 200 https://registry.npmjs.org/signal-exit 47ms (cache miss)
188 timing idealTree:node_modules/cli-cursor Completed in 50ms
189 timing idealTree:node_modules/cli-spinners Completed in 0ms
190 silly placeDep ROOT color-name@1.1.4 OK for: color-convert@2.0.1 want: ~1.1.4
191 timing idealTree:node_modules/color-convert Completed in 1ms
192 timing idealTree:node_modules/color-name Completed in 0ms
193 timing idealTree:node_modules/ieee754 Completed in 0ms
194 timing idealTree:node_modules/inherits Completed in 0ms
195 timing idealTree:node_modules/is-interactive Completed in 0ms
196 timing idealTree:node_modules/is-unicode-supported Completed in 0ms
197 timing idealTree:node_modules/log-symbols Completed in 0ms
198 timing idealTree:node_modules/picomatch Completed in 0ms
199 silly placeDep ROOT string_decoder@1.3.0 OK for: readable-stream@3.6.2 want: ^1.1.1
200 silly fetch manifest safe-buffer@~5.2.0
201 silly placeDep ROOT util-deprecate@1.0.2 OK for: readable-stream@3.6.2 want: ^1.0.1
202 http fetch GET 200 https://registry.npmjs.org/safe-buffer 49ms (cache miss)
203 timing idealTree:node_modules/readable-stream Completed in 52ms
204 timing idealTree:node_modules/require-from-string Completed in 0ms
205 silly placeDep ROOT onetime@5.1.2 OK for: restore-cursor@3.1.0 want: ^5.1.0
206 silly fetch manifest mimic-fn@^2.1.0
207 silly placeDep ROOT signal-exit@3.0.7 OK for: restore-cursor@3.1.0 want: ^3.0.2
208 http fetch GET 200 https://registry.npmjs.org/mimic-fn 35ms (cache miss)
209 timing idealTree:node_modules/restore-cursor Completed in 39ms
210 silly placeDep ROOT mimic-fn@2.1.0 OK for: onetime@5.1.2 want: ^2.1.0
211 timing idealTree:node_modules/onetime Completed in 2ms
212 timing idealTree:node_modules/mimic-fn Completed in 0ms
213 silly placeDep ROOT tslib@2.6.2 OK for: rxjs@7.8.1 want: ^2.1.0
214 timing idealTree:node_modules/rxjs Completed in 1ms
215 timing idealTree:node_modules/signal-exit Completed in 0ms
216 timing idealTree:node_modules/source-map Completed in 0ms
217 silly placeDep ROOT safe-buffer@5.2.1 OK for: string_decoder@1.3.0 want: ~5.2.0
218 timing idealTree:node_modules/string_decoder Completed in 1ms
219 timing idealTree:node_modules/safe-buffer Completed in 0ms
220 silly placeDep ROOT ansi-regex@5.0.1 OK for: strip-ansi@6.0.1 want: ^5.0.1
221 timing idealTree:node_modules/strip-ansi Completed in 1ms
222 timing idealTree:node_modules/ansi-regex Completed in 0ms
223 silly placeDep ROOT has-flag@4.0.0 OK for: supports-color@7.2.0 want: ^4.0.0
224 timing idealTree:node_modules/supports-color Completed in 1ms
225 timing idealTree:node_modules/has-flag Completed in 0ms
226 timing idealTree:node_modules/tslib Completed in 0ms
227 timing idealTree:node_modules/typescript Completed in 0ms
228 timing idealTree:node_modules/undici-types Completed in 0ms
229 silly placeDep ROOT punycode@2.3.0 OK for: uri-js@4.4.1 want: ^2.1.0
230 timing idealTree:node_modules/uri-js Completed in 1ms
231 timing idealTree:node_modules/punycode Completed in 0ms
232 timing idealTree:node_modules/util-deprecate Completed in 0ms
233 silly placeDep ROOT defaults@1.0.4 OK for: wcwidth@1.0.1 want: ^1.0.3
234 silly fetch manifest clone@^1.0.2
235 http fetch GET 200 https://registry.npmjs.org/clone 47ms (cache miss)
236 timing idealTree:node_modules/wcwidth Completed in 51ms
237 silly placeDep ROOT clone@1.0.4 OK for: defaults@1.0.4 want: ^1.0.2
238 timing idealTree:node_modules/defaults Completed in 3ms
239 timing idealTree:node_modules/clone Completed in 0ms
240 timing idealTree:buildDeps Completed in 1550ms
241 timing idealTree:fixDepFlags Completed in 2ms
242 timing idealTree Completed in 1562ms
243 timing reify:loadTrees Completed in 1562ms
244 timing reify:diffTrees Completed in 3ms
245 silly reify moves {}
246 timing reify:retireShallow Completed in 2ms
247 timing reify:createSparse Completed in 12ms
248 timing reify:loadBundles Completed in 0ms
249 silly audit bulk request {
249 silly audit   '@angular-devkit/core': [ '16.2.5' ],
249 silly audit   '@angular-devkit/schematics': [ '16.2.5' ],
249 silly audit   '@schematics/angular': [ '16.2.5' ],
249 silly audit   '@types/node': [ '20.8.4' ],
249 silly audit   'jsonc-parser': [ '3.2.0' ],
249 silly audit   typescript: [ '5.2.2' ],
249 silly audit   ajv: [ '8.12.0' ],
249 silly audit   'ajv-formats': [ '2.1.1' ],
249 silly audit   picomatch: [ '2.3.1' ],
249 silly audit   rxjs: [ '7.8.1' ],
249 silly audit   'source-map': [ '0.7.4' ],
249 silly audit   'magic-string': [ '0.30.1' ],
249 silly audit   ora: [ '5.4.1' ],
249 silly audit   'undici-types': [ '5.25.3' ],
249 silly audit   'fast-deep-equal': [ '3.1.3' ],
249 silly audit   'json-schema-traverse': [ '1.0.0' ],
249 silly audit   'require-from-string': [ '2.0.2' ],
249 silly audit   'uri-js': [ '4.4.1' ],
249 silly audit   '@jridgewell/sourcemap-codec': [ '1.4.15' ],
249 silly audit   bl: [ '4.1.0' ],
249 silly audit   chalk: [ '4.1.2' ],
249 silly audit   'cli-cursor': [ '3.1.0' ],
249 silly audit   'cli-spinners': [ '2.9.1' ],
249 silly audit   'is-interactive': [ '1.0.0' ],
249 silly audit   'is-unicode-supported': [ '0.1.0' ],
249 silly audit   'log-symbols': [ '4.1.0' ],
249 silly audit   'strip-ansi': [ '6.0.1' ],
249 silly audit   wcwidth: [ '1.0.1' ],
249 silly audit   buffer: [ '5.7.1' ],
249 silly audit   inherits: [ '2.0.4' ],
249 silly audit   'readable-stream': [ '3.6.2' ],
249 silly audit   'base64-js': [ '1.5.1' ],
249 silly audit   ieee754: [ '1.2.1' ],
249 silly audit   'ansi-styles': [ '4.3.0' ],
249 silly audit   'supports-color': [ '7.2.0' ],
249 silly audit   'color-convert': [ '2.0.1' ],
249 silly audit   'restore-cursor': [ '3.1.0' ],
249 silly audit   'color-name': [ '1.1.4' ],
249 silly audit   string_decoder: [ '1.3.0' ],
249 silly audit   'util-deprecate': [ '1.0.2' ],
249 silly audit   onetime: [ '5.1.2' ],
249 silly audit   'signal-exit': [ '3.0.7' ],
249 silly audit   'mimic-fn': [ '2.1.0' ],
249 silly audit   tslib: [ '2.6.2' ],
249 silly audit   'safe-buffer': [ '5.2.1' ],
249 silly audit   'ansi-regex': [ '5.0.1' ],
249 silly audit   'has-flag': [ '4.0.0' ],
249 silly audit   punycode: [ '2.3.0' ],
249 silly audit   defaults: [ '1.0.4' ],
249 silly audit   clone: [ '1.0.4' ]
249 silly audit }
250 silly tarball no local data for defaults@https://registry.npmjs.org/defaults/-/defaults-1.0.4.tgz. Extracting by manifest.
251 silly tarball no local data for punycode@https://registry.npmjs.org/punycode/-/punycode-2.3.0.tgz. Extracting by manifest.
252 silly tarball no local data for readable-stream@https://registry.npmjs.org/readable-stream/-/readable-stream-3.6.2.tgz. Extracting by manifest.
253 silly tarball no local data for cli-spinners@https://registry.npmjs.org/cli-spinners/-/cli-spinners-2.9.1.tgz. Extracting by manifest.
254 silly tarball no local data for undici-types@https://registry.npmjs.org/undici-types/-/undici-types-5.25.3.tgz. Extracting by manifest.
255 silly tarball no local data for @types/node@https://registry.npmjs.org/@types/node/-/node-20.8.4.tgz. Extracting by manifest.
256 silly tarball no local data for @schematics/angular@https://registry.npmjs.org/@schematics/angular/-/angular-16.2.5.tgz. Extracting by manifest.
257 silly tarball no local data for @angular-devkit/schematics@https://registry.npmjs.org/@angular-devkit/schematics/-/schematics-16.2.5.tgz. Extracting by manifest.
258 silly tarball no local data for @angular-devkit/core@https://registry.npmjs.org/@angular-devkit/core/-/core-16.2.5.tgz. Extracting by manifest.
259 http fetch POST 200 https://registry.npmjs.org/-/npm/v1/security/advisories/bulk 236ms
260 timing auditReport:getReport Completed in 238ms
261 silly audit report {}
262 timing auditReport:init Completed in 0ms
263 timing reify:audit Completed in 238ms
264 timing reifyNode:node_modules/color-name Completed in 267ms
265 timing reifyNode:node_modules/require-from-string Completed in 267ms
266 http fetch GET 200 https://registry.npmjs.org/punycode/-/punycode-2.3.0.tgz 248ms (cache miss)
267 timing reifyNode:node_modules/string_decoder Completed in 272ms
268 http fetch GET 200 https://registry.npmjs.org/defaults/-/defaults-1.0.4.tgz 253ms (cache miss)
269 timing reifyNode:node_modules/mimic-fn Completed in 276ms
270 timing reifyNode:node_modules/ansi-regex Completed in 276ms
271 timing reifyNode:node_modules/has-flag Completed in 276ms
272 timing reifyNode:node_modules/ieee754 Completed in 275ms
273 timing reifyNode:node_modules/signal-exit Completed in 277ms
274 timing reifyNode:node_modules/supports-color Completed in 276ms
275 timing reifyNode:node_modules/onetime Completed in 277ms
276 timing reifyNode:node_modules/restore-cursor Completed in 277ms
277 timing reifyNode:node_modules/inherits Completed in 276ms
278 timing reifyNode:node_modules/strip-ansi Completed in 276ms
279 timing reifyNode:node_modules/is-unicode-supported Completed in 277ms
280 timing reifyNode:node_modules/is-interactive Completed in 277ms
281 timing reifyNode:node_modules/cli-cursor Completed in 277ms
282 timing reifyNode:node_modules/ansi-styles Completed in 278ms
283 timing reifyNode:node_modules/safe-buffer Completed in 280ms
284 timing reifyNode:node_modules/ora Completed in 279ms
285 timing reifyNode:node_modules/defaults Completed in 281ms
286 timing reifyNode:node_modules/punycode Completed in 282ms
287 timing reifyNode:node_modules/clone Completed in 282ms
288 timing reifyNode:node_modules/util-deprecate Completed in 282ms
289 timing reifyNode:node_modules/base64-js Completed in 282ms
290 timing reifyNode:node_modules/log-symbols Completed in 282ms
291 http fetch GET 200 https://registry.npmjs.org/cli-spinners/-/cli-spinners-2.9.1.tgz 258ms (cache miss)
292 timing reifyNode:node_modules/cli-spinners Completed in 285ms
293 timing reifyNode:node_modules/color-convert Completed in 288ms
294 timing reifyNode:node_modules/buffer Completed in 288ms
295 timing reifyNode:node_modules/chalk Completed in 289ms
296 timing reifyNode:node_modules/wcwidth Completed in 293ms
297 timing reifyNode:node_modules/@jridgewell/sourcemap-codec Completed in 295ms
298 timing reifyNode:node_modules/fast-deep-equal Completed in 301ms
299 timing reifyNode:node_modules/bl Completed in 301ms
300 timing reifyNode:node_modules/picomatch Completed in 303ms
301 timing reifyNode:node_modules/json-schema-traverse Completed in 309ms
302 timing reifyNode:node_modules/tslib Completed in 315ms
303 timing reifyNode:node_modules/ajv-formats Completed in 315ms
304 timing reifyNode:node_modules/magic-string Completed in 321ms
305 timing reifyNode:node_modules/source-map Completed in 327ms
306 timing reifyNode:node_modules/jsonc-parser Completed in 332ms
307 http fetch GET 200 https://registry.npmjs.org/readable-stream/-/readable-stream-3.6.2.tgz 316ms (cache miss)
308 timing reifyNode:node_modules/readable-stream Completed in 340ms
309 http fetch GET 200 https://registry.npmjs.org/undici-types/-/undici-types-5.25.3.tgz 331ms (cache miss)
310 timing reifyNode:node_modules/undici-types Completed in 356ms
311 timing reifyNode:node_modules/uri-js Completed in 381ms
312 http fetch GET 200 https://registry.npmjs.org/@angular-devkit/core/-/core-16.2.5.tgz 461ms (cache miss)
313 timing reifyNode:node_modules/@angular-devkit/core Completed in 489ms
314 http fetch GET 200 https://registry.npmjs.org/@types/node/-/node-20.8.4.tgz 556ms (cache miss)
315 timing reifyNode:node_modules/@types/node Completed in 583ms
316 http fetch GET 200 https://registry.npmjs.org/@angular-devkit/schematics/-/schematics-16.2.5.tgz 587ms (cache miss)
317 timing reifyNode:node_modules/@angular-devkit/schematics Completed in 614ms
318 http fetch GET 200 https://registry.npmjs.org/@schematics/angular/-/angular-16.2.5.tgz 737ms (cache miss)
319 timing reifyNode:node_modules/@schematics/angular Completed in 765ms
320 timing reifyNode:node_modules/ajv Completed in 866ms
321 timing reifyNode:node_modules/typescript Completed in 872ms
322 timing reifyNode:node_modules/rxjs Completed in 2101ms
323 timing reify:unpack Completed in 2103ms
324 timing reify:unretire Completed in 0ms
325 timing build:queue Completed in 1ms
326 timing build:link:node_modules/typescript Completed in 5ms
327 timing build:link Completed in 5ms
328 timing build:deps Completed in 6ms
329 timing build Completed in 6ms
330 timing reify:build Completed in 7ms
331 timing reify:trash Completed in 0ms
332 timing reify:save Completed in 28ms
333 timing reify Completed in 3757ms
334 silly ADD node_modules/clone
335 silly ADD node_modules/defaults
336 silly ADD node_modules/punycode
337 silly ADD node_modules/has-flag
338 silly ADD node_modules/ansi-regex
339 silly ADD node_modules/safe-buffer
340 silly ADD node_modules/tslib
341 silly ADD node_modules/mimic-fn
342 silly ADD node_modules/signal-exit
343 silly ADD node_modules/onetime
344 silly ADD node_modules/util-deprecate
345 silly ADD node_modules/string_decoder
346 silly ADD node_modules/color-name
347 silly ADD node_modules/restore-cursor
348 silly ADD node_modules/color-convert
349 silly ADD node_modules/supports-color
350 silly ADD node_modules/ansi-styles
351 silly ADD node_modules/ieee754
352 silly ADD node_modules/base64-js
353 silly ADD node_modules/readable-stream
354 silly ADD node_modules/inherits
355 silly ADD node_modules/buffer
356 silly ADD node_modules/wcwidth
357 silly ADD node_modules/strip-ansi
358 silly ADD node_modules/log-symbols
359 silly ADD node_modules/is-unicode-supported
360 silly ADD node_modules/is-interactive
361 silly ADD node_modules/cli-spinners
362 silly ADD node_modules/cli-cursor
363 silly ADD node_modules/chalk
364 silly ADD node_modules/bl
365 silly ADD node_modules/@jridgewell/sourcemap-codec
366 silly ADD node_modules/uri-js
367 silly ADD node_modules/require-from-string
368 silly ADD node_modules/json-schema-traverse
369 silly ADD node_modules/fast-deep-equal
370 silly ADD node_modules/undici-types
371 silly ADD node_modules/ora
372 silly ADD node_modules/magic-string
373 silly ADD node_modules/source-map
374 silly ADD node_modules/rxjs
375 silly ADD node_modules/picomatch
376 silly ADD node_modules/ajv-formats
377 silly ADD node_modules/ajv
378 silly ADD node_modules/typescript
379 silly ADD node_modules/jsonc-parser
380 silly ADD node_modules/@types/node
381 silly ADD node_modules/@schematics/angular
382 silly ADD node_modules/@angular-devkit/schematics
383 silly ADD node_modules/@angular-devkit/core
384 timing command:update Completed in 3763ms
385 verbose exit 0
386 timing npm Completed in 4093ms
387 info ok
