0 verbose cli C:\Program Files\nodejs\node.exe C:\Users\jpsti\AppData\Roaming\npm\node_modules\npm\bin\npm-cli.js
1 info using npm@10.0.0
2 info using node@v18.17.1
3 timing npm:load:whichnode Completed in 3ms
4 timing config:load:defaults Completed in 4ms
5 timing config:load:file:C:\Users\jpsti\AppData\Roaming\npm\node_modules\npm\npmrc Completed in 1ms
6 timing config:load:builtin Completed in 2ms
7 timing config:load:cli Completed in 2ms
8 timing config:load:env Completed in 0ms
9 timing config:load:file:G:\code\schematics\ng-material-schematic\.npmrc Completed in 1ms
10 timing config:load:project Completed in 3ms
11 timing config:load:file:C:\Users\jpsti\.npmrc Completed in 0ms
12 timing config:load:user Completed in 0ms
13 timing config:load:file:C:\Users\jpsti\AppData\Roaming\npm\etc\npmrc Completed in 0ms
14 timing config:load:global Completed in 0ms
15 timing config:load:setEnvs Completed in 1ms
16 timing config:load Completed in 13ms
17 timing npm:load:configload Completed in 13ms
18 timing config:load:flatten Completed in 2ms
19 timing npm:load:mkdirpcache Completed in 1ms
20 timing npm:load:mkdirplogs Completed in 0ms
21 verbose title npm i
22 verbose argv "i"
23 timing npm:load:setTitle Completed in 1ms
24 timing npm:load:display Completed in 1ms
25 verbose logfile logs-max:10 dir:G:\code\schematics\ng-material-schematic\node_cache\_logs\2023-09-08T14_56_10_490Z-
26 verbose logfile G:\code\schematics\ng-material-schematic\node_cache\_logs\2023-09-08T14_56_10_490Z-debug-0.log
27 timing npm:load:logFile Completed in 11ms
28 timing npm:load:timers Completed in 0ms
29 timing npm:load:configScope Completed in 0ms
30 timing npm:load Completed in 70ms
31 timing arborist:ctor Completed in 0ms
32 silly logfile done cleaning log files
33 timing idealTree:init Completed in 40ms
34 timing idealTree:userRequests Completed in 0ms
35 silly idealTree buildDeps
36 timing idealTree:#root Completed in 0ms
37 timing idealTree:buildDeps Completed in 1ms
38 timing idealTree:fixDepFlags Completed in 0ms
39 timing idealTree Completed in 43ms
40 timing reify:loadTrees Completed in 47ms
41 timing reify:diffTrees Completed in 2ms
42 silly reify moves {}
43 timing reify:retireShallow Completed in 1ms
44 timing reify:createSparse Completed in 27ms
45 timing reify:loadBundles Completed in 0ms
46 silly audit bulk request {
46 silly audit   '@angular-devkit/core': [ '16.2.1' ],
46 silly audit   '@angular-devkit/schematics': [ '16.2.1' ],
46 silly audit   '@jridgewell/sourcemap-codec': [ '1.4.15' ],
46 silly audit   '@schematics/angular': [ '16.2.1' ],
46 silly audit   '@types/node': [ '20.5.9' ],
46 silly audit   ajv: [ '8.12.0' ],
46 silly audit   'ajv-formats': [ '2.1.1' ],
46 silly audit   'ansi-regex': [ '5.0.1' ],
46 silly audit   'ansi-styles': [ '4.3.0' ],
46 silly audit   'base64-js': [ '1.5.1' ],
46 silly audit   bl: [ '4.1.0' ],
46 silly audit   buffer: [ '5.7.1' ],
46 silly audit   chalk: [ '4.1.2' ],
46 silly audit   'cli-cursor': [ '3.1.0' ],
46 silly audit   'cli-spinners': [ '2.7.0' ],
46 silly audit   clone: [ '1.0.4' ],
46 silly audit   'color-convert': [ '2.0.1' ],
46 silly audit   'color-name': [ '1.1.4' ],
46 silly audit   defaults: [ '1.0.3' ],
46 silly audit   'fast-deep-equal': [ '3.1.3' ],
46 silly audit   'has-flag': [ '4.0.0' ],
46 silly audit   ieee754: [ '1.2.1' ],
46 silly audit   inherits: [ '2.0.4' ],
46 silly audit   'is-interactive': [ '1.0.0' ],
46 silly audit   'is-unicode-supported': [ '0.1.0' ],
46 silly audit   'json-schema-traverse': [ '1.0.0' ],
46 silly audit   'jsonc-parser': [ '3.2.0' ],
46 silly audit   'log-symbols': [ '4.1.0' ],
46 silly audit   'magic-string': [ '0.30.1' ],
46 silly audit   'mimic-fn': [ '2.1.0' ],
46 silly audit   onetime: [ '5.1.2' ],
46 silly audit   ora: [ '5.4.1' ],
46 silly audit   picomatch: [ '2.3.1' ],
46 silly audit   punycode: [ '2.1.1' ],
46 silly audit   'readable-stream': [ '3.6.0' ],
46 silly audit   'require-from-string': [ '2.0.2' ],
46 silly audit   'restore-cursor': [ '3.1.0' ],
46 silly audit   rxjs: [ '7.8.1' ],
46 silly audit   'safe-buffer': [ '5.2.1' ],
46 silly audit   'signal-exit': [ '3.0.7' ],
46 silly audit   'source-map': [ '0.7.4' ],
46 silly audit   string_decoder: [ '1.3.0' ],
46 silly audit   'strip-ansi': [ '6.0.1' ],
46 silly audit   'supports-color': [ '7.2.0' ],
46 silly audit   tslib: [ '2.6.2' ],
46 silly audit   typescript: [ '5.2.2' ],
46 silly audit   'uri-js': [ '4.4.1' ],
46 silly audit   'util-deprecate': [ '1.0.2' ],
46 silly audit   wcwidth: [ '1.0.1' ]
46 silly audit }
47 silly tarball no local data for wcwidth@https://registry.npmjs.org/wcwidth/-/wcwidth-1.0.1.tgz. Extracting by manifest.
48 silly tarball no local data for util-deprecate@https://registry.npmjs.org/util-deprecate/-/util-deprecate-1.0.2.tgz. Extracting by manifest.
49 silly tarball no local data for typescript@https://registry.npmjs.org/typescript/-/typescript-5.2.2.tgz. Extracting by manifest.
50 silly tarball no local data for uri-js@https://registry.npmjs.org/uri-js/-/uri-js-4.4.1.tgz. Extracting by manifest.
51 silly tarball no local data for supports-color@https://registry.npmjs.org/supports-color/-/supports-color-7.2.0.tgz. Extracting by manifest.
52 silly tarball no local data for strip-ansi@https://registry.npmjs.org/strip-ansi/-/strip-ansi-6.0.1.tgz. Extracting by manifest.
53 silly tarball no local data for tslib@https://registry.npmjs.org/tslib/-/tslib-2.6.2.tgz. Extracting by manifest.
54 silly tarball no local data for string_decoder@https://registry.npmjs.org/string_decoder/-/string_decoder-1.3.0.tgz. Extracting by manifest.
55 silly tarball no local data for source-map@https://registry.npmjs.org/source-map/-/source-map-0.7.4.tgz. Extracting by manifest.
56 silly tarball no local data for signal-exit@https://registry.npmjs.org/signal-exit/-/signal-exit-3.0.7.tgz. Extracting by manifest.
57 silly tarball no local data for safe-buffer@https://registry.npmjs.org/safe-buffer/-/safe-buffer-5.2.1.tgz. Extracting by manifest.
58 silly tarball no local data for rxjs@https://registry.npmjs.org/rxjs/-/rxjs-7.8.1.tgz. Extracting by manifest.
59 silly tarball no local data for require-from-string@https://registry.npmjs.org/require-from-string/-/require-from-string-2.0.2.tgz. Extracting by manifest.
60 silly tarball no local data for restore-cursor@https://registry.npmjs.org/restore-cursor/-/restore-cursor-3.1.0.tgz. Extracting by manifest.
61 silly tarball no local data for readable-stream@https://registry.npmjs.org/readable-stream/-/readable-stream-3.6.0.tgz. Extracting by manifest.
62 silly tarball no local data for picomatch@https://registry.npmjs.org/picomatch/-/picomatch-2.3.1.tgz. Extracting by manifest.
63 silly tarball no local data for punycode@https://registry.npmjs.org/punycode/-/punycode-2.1.1.tgz. Extracting by manifest.
64 silly tarball no local data for ora@https://registry.npmjs.org/ora/-/ora-5.4.1.tgz. Extracting by manifest.
65 silly tarball no local data for magic-string@https://registry.npmjs.org/magic-string/-/magic-string-0.30.1.tgz. Extracting by manifest.
66 silly tarball no local data for onetime@https://registry.npmjs.org/onetime/-/onetime-5.1.2.tgz. Extracting by manifest.
67 silly tarball no local data for mimic-fn@https://registry.npmjs.org/mimic-fn/-/mimic-fn-2.1.0.tgz. Extracting by manifest.
68 silly tarball no local data for log-symbols@https://registry.npmjs.org/log-symbols/-/log-symbols-4.1.0.tgz. Extracting by manifest.
69 silly tarball no local data for jsonc-parser@https://registry.npmjs.org/jsonc-parser/-/jsonc-parser-3.2.0.tgz. Extracting by manifest.
70 silly tarball no local data for is-unicode-supported@https://registry.npmjs.org/is-unicode-supported/-/is-unicode-supported-0.1.0.tgz. Extracting by manifest.
71 silly tarball no local data for json-schema-traverse@https://registry.npmjs.org/json-schema-traverse/-/json-schema-traverse-1.0.0.tgz. Extracting by manifest.
72 silly tarball no local data for is-interactive@https://registry.npmjs.org/is-interactive/-/is-interactive-1.0.0.tgz. Extracting by manifest.
73 silly tarball no local data for inherits@https://registry.npmjs.org/inherits/-/inherits-2.0.4.tgz. Extracting by manifest.
74 silly tarball no local data for ieee754@https://registry.npmjs.org/ieee754/-/ieee754-1.2.1.tgz. Extracting by manifest.
75 silly tarball no local data for has-flag@https://registry.npmjs.org/has-flag/-/has-flag-4.0.0.tgz. Extracting by manifest.
76 silly tarball no local data for fast-deep-equal@https://registry.npmjs.org/fast-deep-equal/-/fast-deep-equal-3.1.3.tgz. Extracting by manifest.
77 silly tarball no local data for defaults@https://registry.npmjs.org/defaults/-/defaults-1.0.3.tgz. Extracting by manifest.
78 silly tarball no local data for clone@https://registry.npmjs.org/clone/-/clone-1.0.4.tgz. Extracting by manifest.
79 silly tarball no local data for color-name@https://registry.npmjs.org/color-name/-/color-name-1.1.4.tgz. Extracting by manifest.
80 silly tarball no local data for color-convert@https://registry.npmjs.org/color-convert/-/color-convert-2.0.1.tgz. Extracting by manifest.
81 silly tarball no local data for cli-spinners@https://registry.npmjs.org/cli-spinners/-/cli-spinners-2.7.0.tgz. Extracting by manifest.
82 silly tarball no local data for cli-cursor@https://registry.npmjs.org/cli-cursor/-/cli-cursor-3.1.0.tgz. Extracting by manifest.
83 silly tarball no local data for chalk@https://registry.npmjs.org/chalk/-/chalk-4.1.2.tgz. Extracting by manifest.
84 silly tarball no local data for @types/node@https://registry.npmjs.org/@types/node/-/node-20.5.9.tgz. Extracting by manifest.
85 silly tarball no local data for buffer@https://registry.npmjs.org/buffer/-/buffer-5.7.1.tgz. Extracting by manifest.
86 silly tarball no local data for bl@https://registry.npmjs.org/bl/-/bl-4.1.0.tgz. Extracting by manifest.
87 silly tarball no local data for @schematics/angular@https://registry.npmjs.org/@schematics/angular/-/angular-16.2.1.tgz. Extracting by manifest.
88 silly tarball no local data for base64-js@https://registry.npmjs.org/base64-js/-/base64-js-1.5.1.tgz. Extracting by manifest.
89 silly tarball no local data for ansi-regex@https://registry.npmjs.org/ansi-regex/-/ansi-regex-5.0.1.tgz. Extracting by manifest.
90 silly tarball no local data for @jridgewell/sourcemap-codec@https://registry.npmjs.org/@jridgewell/sourcemap-codec/-/sourcemap-codec-1.4.15.tgz. Extracting by manifest.
91 silly tarball no local data for @angular-devkit/schematics@https://registry.npmjs.org/@angular-devkit/schematics/-/schematics-16.2.1.tgz. Extracting by manifest.
92 silly tarball no local data for ansi-styles@https://registry.npmjs.org/ansi-styles/-/ansi-styles-4.3.0.tgz. Extracting by manifest.
93 silly tarball no local data for @angular-devkit/core@https://registry.npmjs.org/@angular-devkit/core/-/core-16.2.1.tgz. Extracting by manifest.
94 silly tarball no local data for ajv@https://registry.npmjs.org/ajv/-/ajv-8.12.0.tgz. Extracting by manifest.
95 silly tarball no local data for ajv-formats@https://registry.npmjs.org/ajv-formats/-/ajv-formats-2.1.1.tgz. Extracting by manifest.
96 http fetch POST 200 https://registry.npmjs.org/-/npm/v1/security/advisories/bulk 458ms
97 timing auditReport:getReport Completed in 463ms
98 silly audit report {}
99 timing auditReport:init Completed in 0ms
100 timing reify:audit Completed in 463ms
101 http fetch GET 200 https://registry.npmjs.org/signal-exit/-/signal-exit-3.0.7.tgz 650ms (cache miss)
102 http fetch GET 200 https://registry.npmjs.org/color-name/-/color-name-1.1.4.tgz 632ms (cache miss)
103 timing reifyNode:node_modules/color-name Completed in 696ms
104 http fetch GET 200 https://registry.npmjs.org/ansi-regex/-/ansi-regex-5.0.1.tgz 628ms (cache miss)
105 http fetch GET 200 https://registry.npmjs.org/ieee754/-/ieee754-1.2.1.tgz 638ms (cache miss)
106 timing reifyNode:node_modules/ieee754 Completed in 697ms
107 http fetch GET 200 https://registry.npmjs.org/is-interactive/-/is-interactive-1.0.0.tgz 639ms (cache miss)
108 http fetch GET 200 https://registry.npmjs.org/mimic-fn/-/mimic-fn-2.1.0.tgz 657ms (cache miss)
109 timing reifyNode:node_modules/mimic-fn Completed in 706ms
110 http fetch GET 200 https://registry.npmjs.org/onetime/-/onetime-5.1.2.tgz 659ms (cache miss)
111 timing reifyNode:node_modules/onetime Completed in 708ms
112 http fetch GET 200 https://registry.npmjs.org/defaults/-/defaults-1.0.3.tgz 647ms (cache miss)
113 http fetch GET 200 https://registry.npmjs.org/is-unicode-supported/-/is-unicode-supported-0.1.0.tgz 658ms (cache miss)
114 timing reifyNode:node_modules/is-unicode-supported Completed in 709ms
115 http fetch GET 200 https://registry.npmjs.org/log-symbols/-/log-symbols-4.1.0.tgz 663ms (cache miss)
116 http fetch GET 200 https://registry.npmjs.org/inherits/-/inherits-2.0.4.tgz 655ms (cache miss)
117 timing reifyNode:node_modules/inherits Completed in 714ms
118 timing reifyNode:node_modules/ansi-regex Completed in 714ms
119 timing reifyNode:node_modules/is-interactive Completed in 716ms
120 http fetch GET 200 https://registry.npmjs.org/util-deprecate/-/util-deprecate-1.0.2.tgz 681ms (cache miss)
121 http fetch GET 200 https://registry.npmjs.org/has-flag/-/has-flag-4.0.0.tgz 664ms (cache miss)
122 timing reifyNode:node_modules/has-flag Completed in 725ms
123 http fetch GET 200 https://registry.npmjs.org/cli-cursor/-/cli-cursor-3.1.0.tgz 661ms (cache miss)
124 timing reifyNode:node_modules/cli-cursor Completed in 726ms
125 http fetch GET 200 https://registry.npmjs.org/base64-js/-/base64-js-1.5.1.tgz 658ms (cache miss)
126 http fetch GET 200 https://registry.npmjs.org/require-from-string/-/require-from-string-2.0.2.tgz 681ms (cache miss)
127 timing reifyNode:node_modules/require-from-string Completed in 727ms
128 timing reifyNode:node_modules/signal-exit Completed in 728ms
129 http fetch GET 200 https://registry.npmjs.org/supports-color/-/supports-color-7.2.0.tgz 685ms (cache miss)
130 timing reifyNode:node_modules/supports-color Completed in 728ms
131 timing reifyNode:node_modules/util-deprecate Completed in 729ms
132 http fetch GET 200 https://registry.npmjs.org/strip-ansi/-/strip-ansi-6.0.1.tgz 686ms (cache miss)
133 timing reifyNode:node_modules/strip-ansi Completed in 730ms
134 http fetch GET 200 https://registry.npmjs.org/restore-cursor/-/restore-cursor-3.1.0.tgz 683ms (cache miss)
135 timing reifyNode:node_modules/restore-cursor Completed in 729ms
136 timing reifyNode:node_modules/log-symbols Completed in 731ms
137 timing reifyNode:node_modules/defaults Completed in 731ms
138 http fetch GET 200 https://registry.npmjs.org/string_decoder/-/string_decoder-1.3.0.tgz 689ms (cache miss)
139 timing reifyNode:node_modules/string_decoder Completed in 734ms
140 http fetch GET 200 https://registry.npmjs.org/clone/-/clone-1.0.4.tgz 673ms (cache miss)
141 timing reifyNode:node_modules/base64-js Completed in 745ms
142 http fetch GET 200 https://registry.npmjs.org/punycode/-/punycode-2.1.1.tgz 709ms (cache miss)
143 timing reifyNode:node_modules/punycode Completed in 756ms
144 timing reifyNode:node_modules/clone Completed in 760ms
145 http fetch GET 200 https://registry.npmjs.org/ansi-styles/-/ansi-styles-4.3.0.tgz 706ms (cache miss)
146 timing reifyNode:node_modules/ansi-styles Completed in 778ms
147 http fetch GET 200 https://registry.npmjs.org/cli-spinners/-/cli-spinners-2.7.0.tgz 719ms (cache miss)
148 timing reifyNode:node_modules/cli-spinners Completed in 784ms
149 http fetch GET 200 https://registry.npmjs.org/ora/-/ora-5.4.1.tgz 744ms (cache miss)
150 timing reifyNode:node_modules/ora Completed in 792ms
151 http fetch GET 200 https://registry.npmjs.org/color-convert/-/color-convert-2.0.1.tgz 731ms (cache miss)
152 timing reifyNode:node_modules/color-convert Completed in 800ms
153 http fetch GET 200 https://registry.npmjs.org/wcwidth/-/wcwidth-1.0.1.tgz 773ms (cache miss)
154 timing reifyNode:node_modules/wcwidth Completed in 813ms
155 http fetch GET 200 https://registry.npmjs.org/safe-buffer/-/safe-buffer-5.2.1.tgz 770ms (cache miss)
156 timing reifyNode:node_modules/safe-buffer Completed in 816ms
157 http fetch GET 200 https://registry.npmjs.org/@jridgewell/sourcemap-codec/-/sourcemap-codec-1.4.15.tgz 745ms (cache miss)
158 timing reifyNode:node_modules/@jridgewell/sourcemap-codec Completed in 819ms
159 http fetch GET 200 https://registry.npmjs.org/fast-deep-equal/-/fast-deep-equal-3.1.3.tgz 765ms (cache miss)
160 timing reifyNode:node_modules/fast-deep-equal Completed in 835ms
161 http fetch GET 200 https://registry.npmjs.org/chalk/-/chalk-4.1.2.tgz 773ms (cache miss)
162 timing reifyNode:node_modules/chalk Completed in 840ms
163 http fetch GET 200 https://registry.npmjs.org/buffer/-/buffer-5.7.1.tgz 784ms (cache miss)
164 timing reifyNode:node_modules/buffer Completed in 852ms
165 http fetch GET 200 https://registry.npmjs.org/json-schema-traverse/-/json-schema-traverse-1.0.0.tgz 816ms (cache miss)
166 timing reifyNode:node_modules/json-schema-traverse Completed in 877ms
167 http fetch GET 200 https://registry.npmjs.org/bl/-/bl-4.1.0.tgz 821ms (cache miss)
168 timing reifyNode:node_modules/bl Completed in 888ms
169 http fetch GET 200 https://registry.npmjs.org/tslib/-/tslib-2.6.2.tgz 862ms (cache miss)
170 timing reifyNode:node_modules/tslib Completed in 906ms
171 http fetch GET 200 https://registry.npmjs.org/picomatch/-/picomatch-2.3.1.tgz 866ms (cache miss)
172 timing reifyNode:node_modules/picomatch Completed in 913ms
173 http fetch GET 200 https://registry.npmjs.org/ajv-formats/-/ajv-formats-2.1.1.tgz 826ms (cache miss)
174 timing reifyNode:node_modules/ajv-formats Completed in 918ms
175 http fetch GET 200 https://registry.npmjs.org/magic-string/-/magic-string-0.30.1.tgz 929ms (cache miss)
176 timing reifyNode:node_modules/magic-string Completed in 977ms
177 http fetch GET 200 https://registry.npmjs.org/jsonc-parser/-/jsonc-parser-3.2.0.tgz 935ms (cache miss)
178 timing reifyNode:node_modules/jsonc-parser Completed in 986ms
179 http fetch GET 200 https://registry.npmjs.org/source-map/-/source-map-0.7.4.tgz 971ms (cache miss)
180 timing reifyNode:node_modules/source-map Completed in 1016ms
181 http fetch GET 200 https://registry.npmjs.org/readable-stream/-/readable-stream-3.6.0.tgz 980ms (cache miss)
182 timing reifyNode:node_modules/readable-stream Completed in 1028ms
183 http fetch GET 200 https://registry.npmjs.org/npm 1216ms (cache miss)
184 http fetch GET 200 https://registry.npmjs.org/uri-js/-/uri-js-4.4.1.tgz 1116ms (cache miss)
185 timing reifyNode:node_modules/uri-js Completed in 1161ms
186 http fetch GET 200 https://registry.npmjs.org/@angular-devkit/core/-/core-16.2.1.tgz 1301ms (cache miss)
187 timing reifyNode:node_modules/@angular-devkit/core Completed in 1380ms
188 http fetch GET 200 https://registry.npmjs.org/@angular-devkit/schematics/-/schematics-16.2.1.tgz 1356ms (cache miss)
189 timing reifyNode:node_modules/@angular-devkit/schematics Completed in 1430ms
190 http fetch GET 200 https://registry.npmjs.org/@types/node/-/node-20.5.9.tgz 1470ms (cache miss)
191 timing reifyNode:node_modules/@types/node Completed in 1537ms
192 http fetch GET 200 https://registry.npmjs.org/@schematics/angular/-/angular-16.2.1.tgz 1843ms (cache miss)
193 timing reifyNode:node_modules/@schematics/angular Completed in 1911ms
194 http fetch GET 200 https://registry.npmjs.org/ajv/-/ajv-8.12.0.tgz 2028ms (cache miss)
195 timing reifyNode:node_modules/ajv Completed in 2115ms
196 http fetch GET 200 https://registry.npmjs.org/typescript/-/typescript-5.2.2.tgz 2163ms (cache miss)
197 timing reifyNode:node_modules/typescript Completed in 2206ms
198 http fetch GET 200 https://registry.npmjs.org/rxjs/-/rxjs-7.8.1.tgz 4319ms (cache miss)
199 timing reifyNode:node_modules/rxjs Completed in 4368ms
200 timing reify:unpack Completed in 4369ms
201 timing reify:unretire Completed in 0ms
202 timing build:queue Completed in 2ms
203 timing build:link:node_modules/typescript Completed in 8ms
204 timing build:link Completed in 8ms
205 timing build:deps Completed in 10ms
206 timing build Completed in 10ms
207 timing reify:build Completed in 11ms
208 timing reify:trash Completed in 0ms
209 timing reify:save Completed in 26ms
210 timing reify Completed in 4557ms
211 silly ADD node_modules/wcwidth
212 silly ADD node_modules/util-deprecate
213 silly ADD node_modules/uri-js
214 silly ADD node_modules/typescript
215 silly ADD node_modules/tslib
216 silly ADD node_modules/supports-color
217 silly ADD node_modules/strip-ansi
218 silly ADD node_modules/string_decoder
219 silly ADD node_modules/source-map
220 silly ADD node_modules/signal-exit
221 silly ADD node_modules/safe-buffer
222 silly ADD node_modules/rxjs
223 silly ADD node_modules/restore-cursor
224 silly ADD node_modules/require-from-string
225 silly ADD node_modules/readable-stream
226 silly ADD node_modules/punycode
227 silly ADD node_modules/picomatch
228 silly ADD node_modules/ora
229 silly ADD node_modules/onetime
230 silly ADD node_modules/mimic-fn
231 silly ADD node_modules/magic-string
232 silly ADD node_modules/log-symbols
233 silly ADD node_modules/jsonc-parser
234 silly ADD node_modules/json-schema-traverse
235 silly ADD node_modules/is-unicode-supported
236 silly ADD node_modules/is-interactive
237 silly ADD node_modules/inherits
238 silly ADD node_modules/ieee754
239 silly ADD node_modules/has-flag
240 silly ADD node_modules/fast-deep-equal
241 silly ADD node_modules/defaults
242 silly ADD node_modules/color-name
243 silly ADD node_modules/color-convert
244 silly ADD node_modules/clone
245 silly ADD node_modules/cli-spinners
246 silly ADD node_modules/cli-cursor
247 silly ADD node_modules/chalk
248 silly ADD node_modules/buffer
249 silly ADD node_modules/bl
250 silly ADD node_modules/base64-js
251 silly ADD node_modules/ansi-styles
252 silly ADD node_modules/ansi-regex
253 silly ADD node_modules/ajv-formats
254 silly ADD node_modules/ajv
255 silly ADD node_modules/@types/node
256 silly ADD node_modules/@schematics/angular
257 silly ADD node_modules/@jridgewell/sourcemap-codec
258 silly ADD node_modules/@angular-devkit/schematics
259 silly ADD node_modules/@angular-devkit/core
260 timing command:i Completed in 4570ms
261 verbose exit 0
262 timing npm Completed in 5229ms
263 info ok
