0 verbose cli C:\Program Files\nodejs\node.exe C:\Users\jpsti\AppData\Roaming\npm\node_modules\npm\bin\npm-cli.js
1 info using npm@10.0.0
2 info using node@v18.17.1
3 timing npm:load:whichnode Completed in 3ms
4 timing config:load:defaults Completed in 4ms
5 timing config:load:file:C:\Users\jpsti\AppData\Roaming\npm\node_modules\npm\npmrc Completed in 1ms
6 timing config:load:builtin Completed in 2ms
7 timing config:load:cli Completed in 2ms
8 timing config:load:env Completed in 0ms
9 timing config:load:file:G:\code\schematics\ng-material-schematic\.npmrc Completed in 1ms
10 timing config:load:project Completed in 3ms
11 timing config:load:file:C:\Users\jpsti\.npmrc Completed in 1ms
12 timing config:load:user Completed in 1ms
13 timing config:load:file:C:\Users\jpsti\AppData\Roaming\npm\etc\npmrc Completed in 0ms
14 timing config:load:global Completed in 0ms
15 timing config:load:setEnvs Completed in 1ms
16 timing config:load Completed in 14ms
17 timing npm:load:configload Completed in 14ms
18 timing config:load:flatten Completed in 2ms
19 timing npm:load:mkdirpcache Completed in 0ms
20 timing npm:load:mkdirplogs Completed in 1ms
21 verbose title npm i
22 verbose argv "i" "--offline"
23 timing npm:load:setTitle Completed in 1ms
24 timing npm:load:display Completed in 0ms
25 verbose logfile logs-max:10 dir:G:\code\schematics\ng-material-schematic\node_cache\_logs\2023-09-08T14_59_54_772Z-
26 verbose logfile G:\code\schematics\ng-material-schematic\node_cache\_logs\2023-09-08T14_59_54_772Z-debug-0.log
27 timing npm:load:logFile Completed in 10ms
28 timing npm:load:timers Completed in 0ms
29 timing npm:load:configScope Completed in 0ms
30 timing npm:load Completed in 65ms
31 timing arborist:ctor Completed in 1ms
32 silly logfile done cleaning log files
33 timing idealTree:init Completed in 39ms
34 timing idealTree:userRequests Completed in 0ms
35 silly idealTree buildDeps
36 timing idealTree:#root Completed in 0ms
37 timing idealTree:buildDeps Completed in 1ms
38 timing idealTree:fixDepFlags Completed in 0ms
39 timing idealTree Completed in 43ms
40 timing reify:loadTrees Completed in 49ms
41 timing reify:diffTrees Completed in 1ms
42 silly reify moves {}
43 timing reify:retireShallow Completed in 1ms
44 timing reify:createSparse Completed in 28ms
45 timing reify:loadBundles Completed in 0ms
46 silly audit report null
47 timing reify:audit Completed in 2ms
48 timing reifyNode:node_modules/require-from-string Completed in 344ms
49 timing reifyNode:node_modules/color-name Completed in 344ms
50 timing reifyNode:node_modules/string_decoder Completed in 352ms
51 timing reifyNode:node_modules/restore-cursor Completed in 359ms
52 timing reifyNode:node_modules/strip-ansi Completed in 359ms
53 timing reifyNode:node_modules/is-interactive Completed in 358ms
54 timing reifyNode:node_modules/signal-exit Completed in 359ms
55 timing reifyNode:node_modules/mimic-fn Completed in 359ms
56 timing reifyNode:node_modules/onetime Completed in 360ms
57 timing reifyNode:node_modules/supports-color Completed in 360ms
58 timing reifyNode:node_modules/has-flag Completed in 360ms
59 timing reifyNode:node_modules/inherits Completed in 360ms
60 timing reifyNode:node_modules/cli-cursor Completed in 360ms
61 timing reifyNode:node_modules/is-unicode-supported Completed in 360ms
62 timing reifyNode:node_modules/ieee754 Completed in 361ms
63 timing reifyNode:node_modules/ansi-regex Completed in 361ms
64 timing reifyNode:node_modules/ora Completed in 362ms
65 timing reifyNode:node_modules/ansi-styles Completed in 365ms
66 timing reifyNode:node_modules/safe-buffer Completed in 366ms
67 timing reifyNode:node_modules/punycode Completed in 367ms
68 timing reifyNode:node_modules/util-deprecate Completed in 370ms
69 timing reifyNode:node_modules/log-symbols Completed in 369ms
70 timing reifyNode:node_modules/defaults Completed in 369ms
71 timing reifyNode:node_modules/clone Completed in 370ms
72 timing reifyNode:node_modules/base64-js Completed in 370ms
73 timing reifyNode:node_modules/cli-spinners Completed in 373ms
74 timing reifyNode:node_modules/buffer Completed in 377ms
75 timing reifyNode:node_modules/color-convert Completed in 378ms
76 timing reifyNode:node_modules/chalk Completed in 382ms
77 timing reifyNode:node_modules/wcwidth Completed in 389ms
78 timing reifyNode:node_modules/@jridgewell/sourcemap-codec Completed in 391ms
79 timing reifyNode:node_modules/bl Completed in 402ms
80 timing reifyNode:node_modules/picomatch Completed in 406ms
81 timing reifyNode:node_modules/fast-deep-equal Completed in 406ms
82 timing reifyNode:node_modules/json-schema-traverse Completed in 418ms
83 timing reifyNode:node_modules/tslib Completed in 428ms
84 timing reifyNode:node_modules/ajv-formats Completed in 434ms
85 timing reifyNode:node_modules/magic-string Completed in 438ms
86 timing reifyNode:node_modules/source-map Completed in 460ms
87 timing reifyNode:node_modules/jsonc-parser Completed in 469ms
88 timing reifyNode:node_modules/readable-stream Completed in 481ms
89 timing reifyNode:node_modules/uri-js Completed in 577ms
90 timing reifyNode:node_modules/@angular-devkit/core Completed in 752ms
91 timing reifyNode:node_modules/@angular-devkit/schematics Completed in 787ms
92 timing reifyNode:node_modules/@types/node Completed in 858ms
93 timing reifyNode:node_modules/@schematics/angular Completed in 1201ms
94 timing reifyNode:node_modules/ajv Completed in 1532ms
95 timing reifyNode:node_modules/typescript Completed in 1639ms
96 timing reifyNode:node_modules/rxjs Completed in 4202ms
97 timing reify:unpack Completed in 4203ms
98 timing reify:unretire Completed in 0ms
99 timing build:queue Completed in 2ms
100 timing build:link:node_modules/typescript Completed in 7ms
101 timing build:link Completed in 7ms
102 timing build:deps Completed in 9ms
103 timing build Completed in 9ms
104 timing reify:build Completed in 9ms
105 timing reify:trash Completed in 0ms
106 timing reify:save Completed in 20ms
107 timing reify Completed in 4330ms
108 silly ADD node_modules/wcwidth
109 silly ADD node_modules/util-deprecate
110 silly ADD node_modules/uri-js
111 silly ADD node_modules/typescript
112 silly ADD node_modules/tslib
113 silly ADD node_modules/supports-color
114 silly ADD node_modules/strip-ansi
115 silly ADD node_modules/string_decoder
116 silly ADD node_modules/source-map
117 silly ADD node_modules/signal-exit
118 silly ADD node_modules/safe-buffer
119 silly ADD node_modules/rxjs
120 silly ADD node_modules/restore-cursor
121 silly ADD node_modules/require-from-string
122 silly ADD node_modules/readable-stream
123 silly ADD node_modules/punycode
124 silly ADD node_modules/picomatch
125 silly ADD node_modules/ora
126 silly ADD node_modules/onetime
127 silly ADD node_modules/mimic-fn
128 silly ADD node_modules/magic-string
129 silly ADD node_modules/log-symbols
130 silly ADD node_modules/jsonc-parser
131 silly ADD node_modules/json-schema-traverse
132 silly ADD node_modules/is-unicode-supported
133 silly ADD node_modules/is-interactive
134 silly ADD node_modules/inherits
135 silly ADD node_modules/ieee754
136 silly ADD node_modules/has-flag
137 silly ADD node_modules/fast-deep-equal
138 silly ADD node_modules/defaults
139 silly ADD node_modules/color-name
140 silly ADD node_modules/color-convert
141 silly ADD node_modules/clone
142 silly ADD node_modules/cli-spinners
143 silly ADD node_modules/cli-cursor
144 silly ADD node_modules/chalk
145 silly ADD node_modules/buffer
146 silly ADD node_modules/bl
147 silly ADD node_modules/base64-js
148 silly ADD node_modules/ansi-styles
149 silly ADD node_modules/ansi-regex
150 silly ADD node_modules/ajv-formats
151 silly ADD node_modules/ajv
152 silly ADD node_modules/@types/node
153 silly ADD node_modules/@schematics/angular
154 silly ADD node_modules/@jridgewell/sourcemap-codec
155 silly ADD node_modules/@angular-devkit/schematics
156 silly ADD node_modules/@angular-devkit/core
157 timing command:i Completed in 4341ms
158 verbose exit 0
159 timing npm Completed in 4983ms
160 info ok
