0 verbose cli C:\Program Files\nodejs\node.exe C:\Users\standard\AppData\Roaming\npm\node_modules\npm\bin\npm-cli.js
1 info using npm@10.2.1
2 info using node@v18.18.0
3 timing npm:load:whichnode Completed in 2ms
4 timing config:load:defaults Completed in 2ms
5 timing config:load:file:C:\Users\standard\AppData\Roaming\npm\node_modules\npm\npmrc Completed in 4ms
6 timing config:load:builtin Completed in 4ms
7 timing config:load:cli Completed in 2ms
8 timing config:load:env Completed in 0ms
9 timing config:load:file:c:\Users\standard\.jaime\templates\ng-material-schematic\src\app\files\.npmrc Completed in 1ms
10 timing config:load:project Completed in 3ms
11 timing config:load:file:C:\Users\standard\.npmrc Completed in 0ms
12 timing config:load:user Completed in 0ms
13 timing config:load:file:C:\Users\standard\AppData\Roaming\npm\etc\npmrc Completed in 1ms
14 timing config:load:global Completed in 1ms
15 timing config:load:setEnvs Completed in 0ms
16 timing config:load Completed in 12ms
17 timing npm:load:configload Completed in 12ms
18 timing config:load:flatten Completed in 3ms
19 timing npm:load:mkdirpcache Completed in 0ms
20 timing npm:load:mkdirplogs Completed in 1ms
21 verbose title npm view @angular/compiler description dist-tags.latest homepage version time
22 verbose argv "view" "--json" "--" "@angular/compiler" "description" "dist-tags.latest" "homepage" "version" "time"
23 timing npm:load:setTitle Completed in 1ms
24 timing npm:load:display Completed in 0ms
25 verbose logfile logs-max:10 dir:c:\Users\standard\.jaime\templates\ng-material-schematic\src\app\files\node_cache\_logs\2023-10-24T14_04_17_539Z-
26 verbose logfile c:\Users\standard\.jaime\templates\ng-material-schematic\src\app\files\node_cache\_logs\2023-10-24T14_04_17_539Z-debug-0.log
27 timing npm:load:logFile Completed in 9ms
28 timing npm:load:timers Completed in 0ms
29 timing npm:load:configScope Completed in 0ms
30 timing npm:load Completed in 54ms
31 silly logfile done cleaning log files
32 http fetch GET 200 https://registry.npmjs.org/@angular%2fcompiler 363ms (cache revalidated)
33 timing command:view Completed in 400ms
34 verbose exit 0
35 timing npm Completed in 636ms
36 info ok
