0 verbose cli C:\Program Files\nodejs\node.exe C:\Users\jpsti\AppData\Roaming\npm\node_modules\npm\bin\npm-cli.js
1 info using npm@10.0.0
2 info using node@v18.17.1
3 timing npm:load:whichnode Completed in 3ms
4 timing config:load:defaults Completed in 4ms
5 timing config:load:file:C:\Users\jpsti\AppData\Roaming\npm\node_modules\npm\npmrc Completed in 1ms
6 timing config:load:builtin Completed in 3ms
7 timing config:load:cli Completed in 1ms
8 timing config:load:env Completed in 0ms
9 timing config:load:file:G:\code\schematics\ng-material-schematic\app\.npmrc Completed in 1ms
10 timing config:load:project Completed in 4ms
11 timing config:load:file:C:\Users\jpsti\.npmrc Completed in 1ms
12 timing config:load:user Completed in 1ms
13 timing config:load:file:C:\Users\jpsti\AppData\Roaming\npm\etc\npmrc Completed in 0ms
14 timing config:load:global Completed in 0ms
15 timing config:load:setEnvs Completed in 1ms
16 timing config:load Completed in 15ms
17 timing npm:load:configload Completed in 15ms
18 timing config:load:flatten Completed in 2ms
19 timing npm:load:mkdirpcache Completed in 1ms
20 timing npm:load:mkdirplogs Completed in 0ms
21 verbose title npm i
22 verbose argv "i" "--offline"
23 timing npm:load:setTitle Completed in 1ms
24 timing npm:load:display Completed in 1ms
25 verbose logfile logs-max:10 dir:G:\code\schematics\ng-material-schematic\app\node_cache\_logs\2023-09-08T14_50_27_676Z-
26 verbose logfile G:\code\schematics\ng-material-schematic\app\node_cache\_logs\2023-09-08T14_50_27_676Z-debug-0.log
27 timing npm:load:logFile Completed in 12ms
28 timing npm:load:timers Completed in 0ms
29 timing npm:load:configScope Completed in 0ms
30 timing npm:load Completed in 68ms
31 timing arborist:ctor Completed in 0ms
32 timing arborist:ctor Completed in 0ms
33 silly logfile done cleaning log files
34 timing idealTree:init Completed in 11ms
35 timing idealTree:userRequests Completed in 0ms
36 silly idealTree buildDeps
37 silly fetch manifest @angular/animations@^16.2.4
38 silly fetch manifest @angular/cdk@^16.2.3
39 silly fetch manifest @angular/common@^16.2.4
40 silly fetch manifest @angular/compiler@^16.2.4
41 silly fetch manifest @angular/core@^16.2.4
42 silly fetch manifest @angular/forms@^16.2.4
43 silly fetch manifest @angular/material@^16.2.3
44 silly fetch manifest @angular/platform-browser@^16.2.4
45 silly fetch manifest @angular/platform-browser-dynamic@^16.2.4
46 silly fetch manifest @angular/router@^16.2.4
47 silly fetch manifest rxjs@~7.8.1
48 silly fetch manifest tslib@^2.6.2
49 silly fetch manifest zone.js@~0.13.1
50 silly fetch manifest @angular-devkit/build-angular@^16.2.1
51 silly fetch manifest @angular/cli@~16.2.1
52 silly fetch manifest @angular/compiler-cli@^16.2.4
53 silly fetch manifest typescript@^5.1.6
54 silly placeDep ROOT @angular-devkit/build-angular@ OK for: app@0.0.1 want: ^16.2.1
55 silly placeDep ROOT @angular/animations@ OK for: app@0.0.1 want: ^16.2.4
56 silly placeDep ROOT @angular/cdk@ OK for: app@0.0.1 want: ^16.2.3
57 silly placeDep ROOT @angular/cli@ OK for: app@0.0.1 want: ~16.2.1
58 silly placeDep ROOT @angular/common@ OK for: app@0.0.1 want: ^16.2.4
59 silly placeDep ROOT @angular/compiler@ OK for: app@0.0.1 want: ^16.2.4
60 silly placeDep ROOT @angular/compiler-cli@ OK for: app@0.0.1 want: ^16.2.4
61 silly placeDep ROOT @angular/core@ OK for: app@0.0.1 want: ^16.2.4
62 silly placeDep ROOT @angular/forms@ OK for: app@0.0.1 want: ^16.2.4
63 silly placeDep ROOT @angular/material@ OK for: app@0.0.1 want: ^16.2.3
64 silly placeDep ROOT @angular/platform-browser@ OK for: app@0.0.1 want: ^16.2.4
65 silly placeDep ROOT @angular/platform-browser-dynamic@ OK for: app@0.0.1 want: ^16.2.4
66 silly placeDep ROOT @angular/router@ OK for: app@0.0.1 want: ^16.2.4
67 silly placeDep ROOT rxjs@ OK for: app@0.0.1 want: ~7.8.1
68 silly placeDep ROOT tslib@ OK for: app@0.0.1 want: ^2.6.2
69 silly placeDep ROOT typescript@ OK for: app@0.0.1 want: ^5.1.6
70 silly placeDep ROOT zone.js@ OK for: app@0.0.1 want: ~0.13.1
71 timing idealTree:#root Completed in 34ms
72 timing idealTree:node_modules/@angular-devkit/build-angular Completed in 0ms
73 timing idealTree:node_modules/@angular/animations Completed in 0ms
74 timing idealTree:node_modules/@angular/cdk Completed in 0ms
75 timing idealTree:node_modules/@angular/cli Completed in 0ms
76 timing idealTree:node_modules/@angular/common Completed in 0ms
77 timing idealTree:node_modules/@angular/compiler Completed in 0ms
78 timing idealTree:node_modules/@angular/compiler-cli Completed in 0ms
79 timing idealTree:node_modules/@angular/core Completed in 0ms
80 timing idealTree:node_modules/@angular/forms Completed in 0ms
81 timing idealTree:node_modules/@angular/material Completed in 0ms
82 timing idealTree:node_modules/@angular/platform-browser Completed in 0ms
83 timing idealTree:node_modules/@angular/platform-browser-dynamic Completed in 0ms
84 timing idealTree:node_modules/@angular/router Completed in 0ms
85 timing idealTree:node_modules/rxjs Completed in 0ms
86 timing idealTree:node_modules/tslib Completed in 0ms
87 timing idealTree:node_modules/typescript Completed in 0ms
88 timing idealTree:node_modules/zone.js Completed in 0ms
89 timing idealTree:buildDeps Completed in 36ms
90 timing idealTree:fixDepFlags Completed in 0ms
91 timing idealTree Completed in 50ms
92 timing command:i Completed in 65ms
93 verbose stack Error: request to https://registry.npmjs.org/@angular-devkit%2fbuild-angular failed: cache mode is 'only-if-cached' but no cached response is available.
93 verbose stack     at cacheFetch (C:\Users\jpsti\AppData\Roaming\npm\node_modules\npm\node_modules\make-fetch-happen\lib\cache\index.js:12:13)
93 verbose stack     at async fetch (C:\Users\jpsti\AppData\Roaming\npm\node_modules\npm\node_modules\make-fetch-happen\lib\fetch.js:98:7)
93 verbose stack     at async RegistryFetcher.packument (C:\Users\jpsti\AppData\Roaming\npm\node_modules\npm\node_modules\pacote\lib\registry.js:87:19)
93 verbose stack     at async RegistryFetcher.manifest (C:\Users\jpsti\AppData\Roaming\npm\node_modules\npm\node_modules\pacote\lib\registry.js:118:23)
93 verbose stack     at async #nodeFromEdge (C:\Users\jpsti\AppData\Roaming\npm\node_modules\npm\node_modules\@npmcli\arborist\lib\arborist\build-ideal-tree.js:1049:19)
93 verbose stack     at async #buildDepStep (C:\Users\jpsti\AppData\Roaming\npm\node_modules\npm\node_modules\@npmcli\arborist\lib\arborist\build-ideal-tree.js:917:11)
93 verbose stack     at async Arborist.buildIdealTree (C:\Users\jpsti\AppData\Roaming\npm\node_modules\npm\node_modules\@npmcli\arborist\lib\arborist\build-ideal-tree.js:196:7)
93 verbose stack     at async Promise.all (index 1)
93 verbose stack     at async Arborist.reify (C:\Users\jpsti\AppData\Roaming\npm\node_modules\npm\node_modules\@npmcli\arborist\lib\arborist\reify.js:159:5)
93 verbose stack     at async Install.exec (C:\Users\jpsti\AppData\Roaming\npm\node_modules\npm\lib\commands\install.js:149:5)
94 verbose cwd G:\code\schematics\ng-material-schematic\app
95 verbose Windows_NT 10.0.22631
96 verbose node v18.17.1
97 verbose npm  v10.0.0
98 error code ENOTCACHED
99 error request to https://registry.npmjs.org/@angular-devkit%2fbuild-angular failed: cache mode is 'only-if-cached' but no cached response is available.
100 verbose exit 1
101 timing npm Completed in 631ms
102 verbose unfinished npm timer reify 1694184628238
103 verbose unfinished npm timer reify:loadTrees 1694184628249
104 verbose code 1
105 error A complete log of this run can be found in: G:\code\schematics\ng-material-schematic\app\node_cache\_logs\2023-09-08T14_50_27_676Z-debug-0.log
